<?xml version="1.0" encoding="UTF-8"?>
<testsuite name="com.github.cc3002.citricjuice.model.board.PanelDropTest" tests="104" skipped="0" failures="0" errors="0" timestamp="2020-07-26T00:09:54" hostname="DuWaZ" time="0.516">
  <properties/>
  <testcase name="typePanelTest()" classname="com.github.cc3002.citricjuice.model.board.PanelDropTest" time="0.002"/>
  <testcase name="setAndGetPlayersTest()" classname="com.github.cc3002.citricjuice.model.board.PanelDropTest" time="0.001"/>
  <testcase name="searchTest()" classname="com.github.cc3002.citricjuice.model.board.PanelDropTest" time="0.001"/>
  <testcase name="dropPanelConsistencyTest()[1]" classname="com.github.cc3002.citricjuice.model.board.PanelDropTest" time="0.006"/>
  <testcase name="dropPanelConsistencyTest()[2]" classname="com.github.cc3002.citricjuice.model.board.PanelDropTest" time="0.002"/>
  <testcase name="dropPanelConsistencyTest()[3]" classname="com.github.cc3002.citricjuice.model.board.PanelDropTest" time="0.002"/>
  <testcase name="dropPanelConsistencyTest()[4]" classname="com.github.cc3002.citricjuice.model.board.PanelDropTest" time="0.002"/>
  <testcase name="dropPanelConsistencyTest()[5]" classname="com.github.cc3002.citricjuice.model.board.PanelDropTest" time="0.001"/>
  <testcase name="dropPanelConsistencyTest()[6]" classname="com.github.cc3002.citricjuice.model.board.PanelDropTest" time="0.001"/>
  <testcase name="dropPanelConsistencyTest()[7]" classname="com.github.cc3002.citricjuice.model.board.PanelDropTest" time="0.001"/>
  <testcase name="dropPanelConsistencyTest()[8]" classname="com.github.cc3002.citricjuice.model.board.PanelDropTest" time="0.0"/>
  <testcase name="dropPanelConsistencyTest()[9]" classname="com.github.cc3002.citricjuice.model.board.PanelDropTest" time="0.001"/>
  <testcase name="dropPanelConsistencyTest()[10]" classname="com.github.cc3002.citricjuice.model.board.PanelDropTest" time="0.001"/>
  <testcase name="dropPanelConsistencyTest()[11]" classname="com.github.cc3002.citricjuice.model.board.PanelDropTest" time="0.001"/>
  <testcase name="dropPanelConsistencyTest()[12]" classname="com.github.cc3002.citricjuice.model.board.PanelDropTest" time="0.001"/>
  <testcase name="dropPanelConsistencyTest()[13]" classname="com.github.cc3002.citricjuice.model.board.PanelDropTest" time="0.006"/>
  <testcase name="dropPanelConsistencyTest()[14]" classname="com.github.cc3002.citricjuice.model.board.PanelDropTest" time="0.001"/>
  <testcase name="dropPanelConsistencyTest()[15]" classname="com.github.cc3002.citricjuice.model.board.PanelDropTest" time="0.001"/>
  <testcase name="dropPanelConsistencyTest()[16]" classname="com.github.cc3002.citricjuice.model.board.PanelDropTest" time="0.001"/>
  <testcase name="dropPanelConsistencyTest()[17]" classname="com.github.cc3002.citricjuice.model.board.PanelDropTest" time="0.0"/>
  <testcase name="dropPanelConsistencyTest()[18]" classname="com.github.cc3002.citricjuice.model.board.PanelDropTest" time="0.001"/>
  <testcase name="dropPanelConsistencyTest()[19]" classname="com.github.cc3002.citricjuice.model.board.PanelDropTest" time="0.004"/>
  <testcase name="dropPanelConsistencyTest()[20]" classname="com.github.cc3002.citricjuice.model.board.PanelDropTest" time="0.001"/>
  <testcase name="dropPanelConsistencyTest()[21]" classname="com.github.cc3002.citricjuice.model.board.PanelDropTest" time="0.001"/>
  <testcase name="dropPanelConsistencyTest()[22]" classname="com.github.cc3002.citricjuice.model.board.PanelDropTest" time="0.001"/>
  <testcase name="dropPanelConsistencyTest()[23]" classname="com.github.cc3002.citricjuice.model.board.PanelDropTest" time="0.0"/>
  <testcase name="dropPanelConsistencyTest()[24]" classname="com.github.cc3002.citricjuice.model.board.PanelDropTest" time="0.001"/>
  <testcase name="dropPanelConsistencyTest()[25]" classname="com.github.cc3002.citricjuice.model.board.PanelDropTest" time="0.0"/>
  <testcase name="dropPanelConsistencyTest()[26]" classname="com.github.cc3002.citricjuice.model.board.PanelDropTest" time="0.0"/>
  <testcase name="dropPanelConsistencyTest()[27]" classname="com.github.cc3002.citricjuice.model.board.PanelDropTest" time="0.001"/>
  <testcase name="dropPanelConsistencyTest()[28]" classname="com.github.cc3002.citricjuice.model.board.PanelDropTest" time="0.002"/>
  <testcase name="dropPanelConsistencyTest()[29]" classname="com.github.cc3002.citricjuice.model.board.PanelDropTest" time="0.001"/>
  <testcase name="dropPanelConsistencyTest()[30]" classname="com.github.cc3002.citricjuice.model.board.PanelDropTest" time="0.001"/>
  <testcase name="dropPanelConsistencyTest()[31]" classname="com.github.cc3002.citricjuice.model.board.PanelDropTest" time="0.001"/>
  <testcase name="dropPanelConsistencyTest()[32]" classname="com.github.cc3002.citricjuice.model.board.PanelDropTest" time="0.001"/>
  <testcase name="dropPanelConsistencyTest()[33]" classname="com.github.cc3002.citricjuice.model.board.PanelDropTest" time="0.001"/>
  <testcase name="dropPanelConsistencyTest()[34]" classname="com.github.cc3002.citricjuice.model.board.PanelDropTest" time="0.003"/>
  <testcase name="dropPanelConsistencyTest()[35]" classname="com.github.cc3002.citricjuice.model.board.PanelDropTest" time="0.007"/>
  <testcase name="dropPanelConsistencyTest()[36]" classname="com.github.cc3002.citricjuice.model.board.PanelDropTest" time="0.003"/>
  <testcase name="dropPanelConsistencyTest()[37]" classname="com.github.cc3002.citricjuice.model.board.PanelDropTest" time="0.001"/>
  <testcase name="dropPanelConsistencyTest()[38]" classname="com.github.cc3002.citricjuice.model.board.PanelDropTest" time="0.001"/>
  <testcase name="dropPanelConsistencyTest()[39]" classname="com.github.cc3002.citricjuice.model.board.PanelDropTest" time="0.002"/>
  <testcase name="dropPanelConsistencyTest()[40]" classname="com.github.cc3002.citricjuice.model.board.PanelDropTest" time="0.001"/>
  <testcase name="dropPanelConsistencyTest()[41]" classname="com.github.cc3002.citricjuice.model.board.PanelDropTest" time="0.002"/>
  <testcase name="dropPanelConsistencyTest()[42]" classname="com.github.cc3002.citricjuice.model.board.PanelDropTest" time="0.001"/>
  <testcase name="dropPanelConsistencyTest()[43]" classname="com.github.cc3002.citricjuice.model.board.PanelDropTest" time="0.013"/>
  <testcase name="dropPanelConsistencyTest()[44]" classname="com.github.cc3002.citricjuice.model.board.PanelDropTest" time="0.002"/>
  <testcase name="dropPanelConsistencyTest()[45]" classname="com.github.cc3002.citricjuice.model.board.PanelDropTest" time="0.003"/>
  <testcase name="dropPanelConsistencyTest()[46]" classname="com.github.cc3002.citricjuice.model.board.PanelDropTest" time="0.001"/>
  <testcase name="dropPanelConsistencyTest()[47]" classname="com.github.cc3002.citricjuice.model.board.PanelDropTest" time="0.002"/>
  <testcase name="dropPanelConsistencyTest()[48]" classname="com.github.cc3002.citricjuice.model.board.PanelDropTest" time="0.001"/>
  <testcase name="dropPanelConsistencyTest()[49]" classname="com.github.cc3002.citricjuice.model.board.PanelDropTest" time="0.002"/>
  <testcase name="dropPanelConsistencyTest()[50]" classname="com.github.cc3002.citricjuice.model.board.PanelDropTest" time="0.002"/>
  <testcase name="dropPanelConsistencyTest()[51]" classname="com.github.cc3002.citricjuice.model.board.PanelDropTest" time="0.003"/>
  <testcase name="dropPanelConsistencyTest()[52]" classname="com.github.cc3002.citricjuice.model.board.PanelDropTest" time="0.002"/>
  <testcase name="dropPanelConsistencyTest()[53]" classname="com.github.cc3002.citricjuice.model.board.PanelDropTest" time="0.002"/>
  <testcase name="dropPanelConsistencyTest()[54]" classname="com.github.cc3002.citricjuice.model.board.PanelDropTest" time="0.002"/>
  <testcase name="dropPanelConsistencyTest()[55]" classname="com.github.cc3002.citricjuice.model.board.PanelDropTest" time="0.001"/>
  <testcase name="dropPanelConsistencyTest()[56]" classname="com.github.cc3002.citricjuice.model.board.PanelDropTest" time="0.001"/>
  <testcase name="dropPanelConsistencyTest()[57]" classname="com.github.cc3002.citricjuice.model.board.PanelDropTest" time="0.0"/>
  <testcase name="dropPanelConsistencyTest()[58]" classname="com.github.cc3002.citricjuice.model.board.PanelDropTest" time="0.001"/>
  <testcase name="dropPanelConsistencyTest()[59]" classname="com.github.cc3002.citricjuice.model.board.PanelDropTest" time="0.0"/>
  <testcase name="dropPanelConsistencyTest()[60]" classname="com.github.cc3002.citricjuice.model.board.PanelDropTest" time="0.001"/>
  <testcase name="dropPanelConsistencyTest()[61]" classname="com.github.cc3002.citricjuice.model.board.PanelDropTest" time="0.001"/>
  <testcase name="dropPanelConsistencyTest()[62]" classname="com.github.cc3002.citricjuice.model.board.PanelDropTest" time="0.0"/>
  <testcase name="dropPanelConsistencyTest()[63]" classname="com.github.cc3002.citricjuice.model.board.PanelDropTest" time="0.0"/>
  <testcase name="dropPanelConsistencyTest()[64]" classname="com.github.cc3002.citricjuice.model.board.PanelDropTest" time="0.0"/>
  <testcase name="dropPanelConsistencyTest()[65]" classname="com.github.cc3002.citricjuice.model.board.PanelDropTest" time="0.001"/>
  <testcase name="dropPanelConsistencyTest()[66]" classname="com.github.cc3002.citricjuice.model.board.PanelDropTest" time="0.002"/>
  <testcase name="dropPanelConsistencyTest()[67]" classname="com.github.cc3002.citricjuice.model.board.PanelDropTest" time="0.001"/>
  <testcase name="dropPanelConsistencyTest()[68]" classname="com.github.cc3002.citricjuice.model.board.PanelDropTest" time="0.001"/>
  <testcase name="dropPanelConsistencyTest()[69]" classname="com.github.cc3002.citricjuice.model.board.PanelDropTest" time="0.001"/>
  <testcase name="dropPanelConsistencyTest()[70]" classname="com.github.cc3002.citricjuice.model.board.PanelDropTest" time="0.0"/>
  <testcase name="dropPanelConsistencyTest()[71]" classname="com.github.cc3002.citricjuice.model.board.PanelDropTest" time="0.001"/>
  <testcase name="dropPanelConsistencyTest()[72]" classname="com.github.cc3002.citricjuice.model.board.PanelDropTest" time="0.0"/>
  <testcase name="dropPanelConsistencyTest()[73]" classname="com.github.cc3002.citricjuice.model.board.PanelDropTest" time="0.001"/>
  <testcase name="dropPanelConsistencyTest()[74]" classname="com.github.cc3002.citricjuice.model.board.PanelDropTest" time="0.0"/>
  <testcase name="dropPanelConsistencyTest()[75]" classname="com.github.cc3002.citricjuice.model.board.PanelDropTest" time="0.001"/>
  <testcase name="dropPanelConsistencyTest()[76]" classname="com.github.cc3002.citricjuice.model.board.PanelDropTest" time="0.0"/>
  <testcase name="dropPanelConsistencyTest()[77]" classname="com.github.cc3002.citricjuice.model.board.PanelDropTest" time="0.001"/>
  <testcase name="dropPanelConsistencyTest()[78]" classname="com.github.cc3002.citricjuice.model.board.PanelDropTest" time="0.0"/>
  <testcase name="dropPanelConsistencyTest()[79]" classname="com.github.cc3002.citricjuice.model.board.PanelDropTest" time="0.0"/>
  <testcase name="dropPanelConsistencyTest()[80]" classname="com.github.cc3002.citricjuice.model.board.PanelDropTest" time="0.0"/>
  <testcase name="dropPanelConsistencyTest()[81]" classname="com.github.cc3002.citricjuice.model.board.PanelDropTest" time="0.001"/>
  <testcase name="dropPanelConsistencyTest()[82]" classname="com.github.cc3002.citricjuice.model.board.PanelDropTest" time="0.0"/>
  <testcase name="dropPanelConsistencyTest()[83]" classname="com.github.cc3002.citricjuice.model.board.PanelDropTest" time="0.0"/>
  <testcase name="dropPanelConsistencyTest()[84]" classname="com.github.cc3002.citricjuice.model.board.PanelDropTest" time="0.001"/>
  <testcase name="dropPanelConsistencyTest()[85]" classname="com.github.cc3002.citricjuice.model.board.PanelDropTest" time="0.001"/>
  <testcase name="dropPanelConsistencyTest()[86]" classname="com.github.cc3002.citricjuice.model.board.PanelDropTest" time="0.002"/>
  <testcase name="dropPanelConsistencyTest()[87]" classname="com.github.cc3002.citricjuice.model.board.PanelDropTest" time="0.001"/>
  <testcase name="dropPanelConsistencyTest()[88]" classname="com.github.cc3002.citricjuice.model.board.PanelDropTest" time="0.002"/>
  <testcase name="dropPanelConsistencyTest()[89]" classname="com.github.cc3002.citricjuice.model.board.PanelDropTest" time="0.001"/>
  <testcase name="dropPanelConsistencyTest()[90]" classname="com.github.cc3002.citricjuice.model.board.PanelDropTest" time="0.001"/>
  <testcase name="dropPanelConsistencyTest()[91]" classname="com.github.cc3002.citricjuice.model.board.PanelDropTest" time="0.001"/>
  <testcase name="dropPanelConsistencyTest()[92]" classname="com.github.cc3002.citricjuice.model.board.PanelDropTest" time="0.001"/>
  <testcase name="dropPanelConsistencyTest()[93]" classname="com.github.cc3002.citricjuice.model.board.PanelDropTest" time="0.002"/>
  <testcase name="dropPanelConsistencyTest()[94]" classname="com.github.cc3002.citricjuice.model.board.PanelDropTest" time="0.001"/>
  <testcase name="dropPanelConsistencyTest()[95]" classname="com.github.cc3002.citricjuice.model.board.PanelDropTest" time="0.001"/>
  <testcase name="dropPanelConsistencyTest()[96]" classname="com.github.cc3002.citricjuice.model.board.PanelDropTest" time="0.001"/>
  <testcase name="dropPanelConsistencyTest()[97]" classname="com.github.cc3002.citricjuice.model.board.PanelDropTest" time="0.0"/>
  <testcase name="dropPanelConsistencyTest()[98]" classname="com.github.cc3002.citricjuice.model.board.PanelDropTest" time="0.001"/>
  <testcase name="dropPanelConsistencyTest()[99]" classname="com.github.cc3002.citricjuice.model.board.PanelDropTest" time="0.004"/>
  <testcase name="dropPanelConsistencyTest()[100]" classname="com.github.cc3002.citricjuice.model.board.PanelDropTest" time="0.001"/>
  <testcase name="nextPanelTest()" classname="com.github.cc3002.citricjuice.model.board.PanelDropTest" time="0.003"/>
  <system-out><![CDATA[]]></system-out>
  <system-err><![CDATA[]]></system-err>
</testsuite>
