<?xml version="1.0" encoding="UTF-8"?>
<testsuite name="com.github.cc3002.citricjuice.model.board.PanelBonusTest" tests="104" skipped="0" failures="0" errors="0" timestamp="2020-07-26T00:09:53" hostname="DuWaZ" time="0.696">
  <properties/>
  <testcase name="typePanelTest()" classname="com.github.cc3002.citricjuice.model.board.PanelBonusTest" time="0.001"/>
  <testcase name="setAndGetPlayersTest()" classname="com.github.cc3002.citricjuice.model.board.PanelBonusTest" time="0.0"/>
  <testcase name="searchTest()" classname="com.github.cc3002.citricjuice.model.board.PanelBonusTest" time="0.009"/>
  <testcase name="nextPanelTest()" classname="com.github.cc3002.citricjuice.model.board.PanelBonusTest" time="0.007"/>
  <testcase name="bonusPanelConsistencyTest()[1]" classname="com.github.cc3002.citricjuice.model.board.PanelBonusTest" time="0.025"/>
  <testcase name="bonusPanelConsistencyTest()[2]" classname="com.github.cc3002.citricjuice.model.board.PanelBonusTest" time="0.001"/>
  <testcase name="bonusPanelConsistencyTest()[3]" classname="com.github.cc3002.citricjuice.model.board.PanelBonusTest" time="0.001"/>
  <testcase name="bonusPanelConsistencyTest()[4]" classname="com.github.cc3002.citricjuice.model.board.PanelBonusTest" time="0.0"/>
  <testcase name="bonusPanelConsistencyTest()[5]" classname="com.github.cc3002.citricjuice.model.board.PanelBonusTest" time="0.0"/>
  <testcase name="bonusPanelConsistencyTest()[6]" classname="com.github.cc3002.citricjuice.model.board.PanelBonusTest" time="0.001"/>
  <testcase name="bonusPanelConsistencyTest()[7]" classname="com.github.cc3002.citricjuice.model.board.PanelBonusTest" time="0.001"/>
  <testcase name="bonusPanelConsistencyTest()[8]" classname="com.github.cc3002.citricjuice.model.board.PanelBonusTest" time="0.002"/>
  <testcase name="bonusPanelConsistencyTest()[9]" classname="com.github.cc3002.citricjuice.model.board.PanelBonusTest" time="0.005"/>
  <testcase name="bonusPanelConsistencyTest()[10]" classname="com.github.cc3002.citricjuice.model.board.PanelBonusTest" time="0.003"/>
  <testcase name="bonusPanelConsistencyTest()[11]" classname="com.github.cc3002.citricjuice.model.board.PanelBonusTest" time="0.002"/>
  <testcase name="bonusPanelConsistencyTest()[12]" classname="com.github.cc3002.citricjuice.model.board.PanelBonusTest" time="0.002"/>
  <testcase name="bonusPanelConsistencyTest()[13]" classname="com.github.cc3002.citricjuice.model.board.PanelBonusTest" time="0.001"/>
  <testcase name="bonusPanelConsistencyTest()[14]" classname="com.github.cc3002.citricjuice.model.board.PanelBonusTest" time="0.001"/>
  <testcase name="bonusPanelConsistencyTest()[15]" classname="com.github.cc3002.citricjuice.model.board.PanelBonusTest" time="0.0"/>
  <testcase name="bonusPanelConsistencyTest()[16]" classname="com.github.cc3002.citricjuice.model.board.PanelBonusTest" time="0.003"/>
  <testcase name="bonusPanelConsistencyTest()[17]" classname="com.github.cc3002.citricjuice.model.board.PanelBonusTest" time="0.01"/>
  <testcase name="bonusPanelConsistencyTest()[18]" classname="com.github.cc3002.citricjuice.model.board.PanelBonusTest" time="0.0"/>
  <testcase name="bonusPanelConsistencyTest()[19]" classname="com.github.cc3002.citricjuice.model.board.PanelBonusTest" time="0.002"/>
  <testcase name="bonusPanelConsistencyTest()[20]" classname="com.github.cc3002.citricjuice.model.board.PanelBonusTest" time="0.001"/>
  <testcase name="bonusPanelConsistencyTest()[21]" classname="com.github.cc3002.citricjuice.model.board.PanelBonusTest" time="0.001"/>
  <testcase name="bonusPanelConsistencyTest()[22]" classname="com.github.cc3002.citricjuice.model.board.PanelBonusTest" time="0.001"/>
  <testcase name="bonusPanelConsistencyTest()[23]" classname="com.github.cc3002.citricjuice.model.board.PanelBonusTest" time="0.001"/>
  <testcase name="bonusPanelConsistencyTest()[24]" classname="com.github.cc3002.citricjuice.model.board.PanelBonusTest" time="0.001"/>
  <testcase name="bonusPanelConsistencyTest()[25]" classname="com.github.cc3002.citricjuice.model.board.PanelBonusTest" time="0.001"/>
  <testcase name="bonusPanelConsistencyTest()[26]" classname="com.github.cc3002.citricjuice.model.board.PanelBonusTest" time="0.001"/>
  <testcase name="bonusPanelConsistencyTest()[27]" classname="com.github.cc3002.citricjuice.model.board.PanelBonusTest" time="0.003"/>
  <testcase name="bonusPanelConsistencyTest()[28]" classname="com.github.cc3002.citricjuice.model.board.PanelBonusTest" time="0.002"/>
  <testcase name="bonusPanelConsistencyTest()[29]" classname="com.github.cc3002.citricjuice.model.board.PanelBonusTest" time="0.0"/>
  <testcase name="bonusPanelConsistencyTest()[30]" classname="com.github.cc3002.citricjuice.model.board.PanelBonusTest" time="0.0"/>
  <testcase name="bonusPanelConsistencyTest()[31]" classname="com.github.cc3002.citricjuice.model.board.PanelBonusTest" time="0.001"/>
  <testcase name="bonusPanelConsistencyTest()[32]" classname="com.github.cc3002.citricjuice.model.board.PanelBonusTest" time="0.003"/>
  <testcase name="bonusPanelConsistencyTest()[33]" classname="com.github.cc3002.citricjuice.model.board.PanelBonusTest" time="0.001"/>
  <testcase name="bonusPanelConsistencyTest()[34]" classname="com.github.cc3002.citricjuice.model.board.PanelBonusTest" time="0.001"/>
  <testcase name="bonusPanelConsistencyTest()[35]" classname="com.github.cc3002.citricjuice.model.board.PanelBonusTest" time="0.0"/>
  <testcase name="bonusPanelConsistencyTest()[36]" classname="com.github.cc3002.citricjuice.model.board.PanelBonusTest" time="0.001"/>
  <testcase name="bonusPanelConsistencyTest()[37]" classname="com.github.cc3002.citricjuice.model.board.PanelBonusTest" time="0.002"/>
  <testcase name="bonusPanelConsistencyTest()[38]" classname="com.github.cc3002.citricjuice.model.board.PanelBonusTest" time="0.001"/>
  <testcase name="bonusPanelConsistencyTest()[39]" classname="com.github.cc3002.citricjuice.model.board.PanelBonusTest" time="0.001"/>
  <testcase name="bonusPanelConsistencyTest()[40]" classname="com.github.cc3002.citricjuice.model.board.PanelBonusTest" time="0.001"/>
  <testcase name="bonusPanelConsistencyTest()[41]" classname="com.github.cc3002.citricjuice.model.board.PanelBonusTest" time="0.001"/>
  <testcase name="bonusPanelConsistencyTest()[42]" classname="com.github.cc3002.citricjuice.model.board.PanelBonusTest" time="0.0"/>
  <testcase name="bonusPanelConsistencyTest()[43]" classname="com.github.cc3002.citricjuice.model.board.PanelBonusTest" time="0.0"/>
  <testcase name="bonusPanelConsistencyTest()[44]" classname="com.github.cc3002.citricjuice.model.board.PanelBonusTest" time="0.001"/>
  <testcase name="bonusPanelConsistencyTest()[45]" classname="com.github.cc3002.citricjuice.model.board.PanelBonusTest" time="0.001"/>
  <testcase name="bonusPanelConsistencyTest()[46]" classname="com.github.cc3002.citricjuice.model.board.PanelBonusTest" time="0.003"/>
  <testcase name="bonusPanelConsistencyTest()[47]" classname="com.github.cc3002.citricjuice.model.board.PanelBonusTest" time="0.001"/>
  <testcase name="bonusPanelConsistencyTest()[48]" classname="com.github.cc3002.citricjuice.model.board.PanelBonusTest" time="0.006"/>
  <testcase name="bonusPanelConsistencyTest()[49]" classname="com.github.cc3002.citricjuice.model.board.PanelBonusTest" time="0.002"/>
  <testcase name="bonusPanelConsistencyTest()[50]" classname="com.github.cc3002.citricjuice.model.board.PanelBonusTest" time="0.001"/>
  <testcase name="bonusPanelConsistencyTest()[51]" classname="com.github.cc3002.citricjuice.model.board.PanelBonusTest" time="0.002"/>
  <testcase name="bonusPanelConsistencyTest()[52]" classname="com.github.cc3002.citricjuice.model.board.PanelBonusTest" time="0.001"/>
  <testcase name="bonusPanelConsistencyTest()[53]" classname="com.github.cc3002.citricjuice.model.board.PanelBonusTest" time="0.002"/>
  <testcase name="bonusPanelConsistencyTest()[54]" classname="com.github.cc3002.citricjuice.model.board.PanelBonusTest" time="0.001"/>
  <testcase name="bonusPanelConsistencyTest()[55]" classname="com.github.cc3002.citricjuice.model.board.PanelBonusTest" time="0.001"/>
  <testcase name="bonusPanelConsistencyTest()[56]" classname="com.github.cc3002.citricjuice.model.board.PanelBonusTest" time="0.001"/>
  <testcase name="bonusPanelConsistencyTest()[57]" classname="com.github.cc3002.citricjuice.model.board.PanelBonusTest" time="0.0"/>
  <testcase name="bonusPanelConsistencyTest()[58]" classname="com.github.cc3002.citricjuice.model.board.PanelBonusTest" time="0.001"/>
  <testcase name="bonusPanelConsistencyTest()[59]" classname="com.github.cc3002.citricjuice.model.board.PanelBonusTest" time="0.002"/>
  <testcase name="bonusPanelConsistencyTest()[60]" classname="com.github.cc3002.citricjuice.model.board.PanelBonusTest" time="0.002"/>
  <testcase name="bonusPanelConsistencyTest()[61]" classname="com.github.cc3002.citricjuice.model.board.PanelBonusTest" time="0.001"/>
  <testcase name="bonusPanelConsistencyTest()[62]" classname="com.github.cc3002.citricjuice.model.board.PanelBonusTest" time="0.001"/>
  <testcase name="bonusPanelConsistencyTest()[63]" classname="com.github.cc3002.citricjuice.model.board.PanelBonusTest" time="0.001"/>
  <testcase name="bonusPanelConsistencyTest()[64]" classname="com.github.cc3002.citricjuice.model.board.PanelBonusTest" time="0.002"/>
  <testcase name="bonusPanelConsistencyTest()[65]" classname="com.github.cc3002.citricjuice.model.board.PanelBonusTest" time="0.001"/>
  <testcase name="bonusPanelConsistencyTest()[66]" classname="com.github.cc3002.citricjuice.model.board.PanelBonusTest" time="0.001"/>
  <testcase name="bonusPanelConsistencyTest()[67]" classname="com.github.cc3002.citricjuice.model.board.PanelBonusTest" time="0.001"/>
  <testcase name="bonusPanelConsistencyTest()[68]" classname="com.github.cc3002.citricjuice.model.board.PanelBonusTest" time="0.002"/>
  <testcase name="bonusPanelConsistencyTest()[69]" classname="com.github.cc3002.citricjuice.model.board.PanelBonusTest" time="0.0"/>
  <testcase name="bonusPanelConsistencyTest()[70]" classname="com.github.cc3002.citricjuice.model.board.PanelBonusTest" time="0.004"/>
  <testcase name="bonusPanelConsistencyTest()[71]" classname="com.github.cc3002.citricjuice.model.board.PanelBonusTest" time="0.001"/>
  <testcase name="bonusPanelConsistencyTest()[72]" classname="com.github.cc3002.citricjuice.model.board.PanelBonusTest" time="0.001"/>
  <testcase name="bonusPanelConsistencyTest()[73]" classname="com.github.cc3002.citricjuice.model.board.PanelBonusTest" time="0.001"/>
  <testcase name="bonusPanelConsistencyTest()[74]" classname="com.github.cc3002.citricjuice.model.board.PanelBonusTest" time="0.0"/>
  <testcase name="bonusPanelConsistencyTest()[75]" classname="com.github.cc3002.citricjuice.model.board.PanelBonusTest" time="0.001"/>
  <testcase name="bonusPanelConsistencyTest()[76]" classname="com.github.cc3002.citricjuice.model.board.PanelBonusTest" time="0.001"/>
  <testcase name="bonusPanelConsistencyTest()[77]" classname="com.github.cc3002.citricjuice.model.board.PanelBonusTest" time="0.001"/>
  <testcase name="bonusPanelConsistencyTest()[78]" classname="com.github.cc3002.citricjuice.model.board.PanelBonusTest" time="0.0"/>
  <testcase name="bonusPanelConsistencyTest()[79]" classname="com.github.cc3002.citricjuice.model.board.PanelBonusTest" time="0.001"/>
  <testcase name="bonusPanelConsistencyTest()[80]" classname="com.github.cc3002.citricjuice.model.board.PanelBonusTest" time="0.001"/>
  <testcase name="bonusPanelConsistencyTest()[81]" classname="com.github.cc3002.citricjuice.model.board.PanelBonusTest" time="0.002"/>
  <testcase name="bonusPanelConsistencyTest()[82]" classname="com.github.cc3002.citricjuice.model.board.PanelBonusTest" time="0.001"/>
  <testcase name="bonusPanelConsistencyTest()[83]" classname="com.github.cc3002.citricjuice.model.board.PanelBonusTest" time="0.001"/>
  <testcase name="bonusPanelConsistencyTest()[84]" classname="com.github.cc3002.citricjuice.model.board.PanelBonusTest" time="0.0"/>
  <testcase name="bonusPanelConsistencyTest()[85]" classname="com.github.cc3002.citricjuice.model.board.PanelBonusTest" time="0.001"/>
  <testcase name="bonusPanelConsistencyTest()[86]" classname="com.github.cc3002.citricjuice.model.board.PanelBonusTest" time="0.001"/>
  <testcase name="bonusPanelConsistencyTest()[87]" classname="com.github.cc3002.citricjuice.model.board.PanelBonusTest" time="0.001"/>
  <testcase name="bonusPanelConsistencyTest()[88]" classname="com.github.cc3002.citricjuice.model.board.PanelBonusTest" time="0.001"/>
  <testcase name="bonusPanelConsistencyTest()[89]" classname="com.github.cc3002.citricjuice.model.board.PanelBonusTest" time="0.001"/>
  <testcase name="bonusPanelConsistencyTest()[90]" classname="com.github.cc3002.citricjuice.model.board.PanelBonusTest" time="0.002"/>
  <testcase name="bonusPanelConsistencyTest()[91]" classname="com.github.cc3002.citricjuice.model.board.PanelBonusTest" time="0.001"/>
  <testcase name="bonusPanelConsistencyTest()[92]" classname="com.github.cc3002.citricjuice.model.board.PanelBonusTest" time="0.003"/>
  <testcase name="bonusPanelConsistencyTest()[93]" classname="com.github.cc3002.citricjuice.model.board.PanelBonusTest" time="0.001"/>
  <testcase name="bonusPanelConsistencyTest()[94]" classname="com.github.cc3002.citricjuice.model.board.PanelBonusTest" time="0.009"/>
  <testcase name="bonusPanelConsistencyTest()[95]" classname="com.github.cc3002.citricjuice.model.board.PanelBonusTest" time="0.001"/>
  <testcase name="bonusPanelConsistencyTest()[96]" classname="com.github.cc3002.citricjuice.model.board.PanelBonusTest" time="0.001"/>
  <testcase name="bonusPanelConsistencyTest()[97]" classname="com.github.cc3002.citricjuice.model.board.PanelBonusTest" time="0.001"/>
  <testcase name="bonusPanelConsistencyTest()[98]" classname="com.github.cc3002.citricjuice.model.board.PanelBonusTest" time="0.001"/>
  <testcase name="bonusPanelConsistencyTest()[99]" classname="com.github.cc3002.citricjuice.model.board.PanelBonusTest" time="0.0"/>
  <testcase name="bonusPanelConsistencyTest()[100]" classname="com.github.cc3002.citricjuice.model.board.PanelBonusTest" time="0.001"/>
  <system-out><![CDATA[]]></system-out>
  <system-err><![CDATA[]]></system-err>
</testsuite>
