<?xml version="1.0" encoding="UTF-8"?>
<testsuite name="com.github.cc3002.citricjuice.model.units.PlayerTest" tests="213" skipped="0" failures="0" errors="0" timestamp="2020-07-26T00:09:56" hostname="DuWaZ" time="0.734">
  <properties/>
  <testcase name="starsTest()" classname="com.github.cc3002.citricjuice.model.units.PlayerTest" time="0.0"/>
  <testcase name="avoidTest()[1]" classname="com.github.cc3002.citricjuice.model.units.PlayerTest" time="0.001"/>
  <testcase name="avoidTest()[2]" classname="com.github.cc3002.citricjuice.model.units.PlayerTest" time="0.0"/>
  <testcase name="avoidTest()[3]" classname="com.github.cc3002.citricjuice.model.units.PlayerTest" time="0.001"/>
  <testcase name="avoidTest()[4]" classname="com.github.cc3002.citricjuice.model.units.PlayerTest" time="0.0"/>
  <testcase name="avoidTest()[5]" classname="com.github.cc3002.citricjuice.model.units.PlayerTest" time="0.001"/>
  <testcase name="avoidTest()[6]" classname="com.github.cc3002.citricjuice.model.units.PlayerTest" time="0.001"/>
  <testcase name="avoidTest()[7]" classname="com.github.cc3002.citricjuice.model.units.PlayerTest" time="0.0"/>
  <testcase name="avoidTest()[8]" classname="com.github.cc3002.citricjuice.model.units.PlayerTest" time="0.0"/>
  <testcase name="avoidTest()[9]" classname="com.github.cc3002.citricjuice.model.units.PlayerTest" time="0.002"/>
  <testcase name="avoidTest()[10]" classname="com.github.cc3002.citricjuice.model.units.PlayerTest" time="0.001"/>
  <testcase name="avoidTest()[11]" classname="com.github.cc3002.citricjuice.model.units.PlayerTest" time="0.002"/>
  <testcase name="avoidTest()[12]" classname="com.github.cc3002.citricjuice.model.units.PlayerTest" time="0.007"/>
  <testcase name="avoidTest()[13]" classname="com.github.cc3002.citricjuice.model.units.PlayerTest" time="0.002"/>
  <testcase name="avoidTest()[14]" classname="com.github.cc3002.citricjuice.model.units.PlayerTest" time="0.0"/>
  <testcase name="avoidTest()[15]" classname="com.github.cc3002.citricjuice.model.units.PlayerTest" time="0.0"/>
  <testcase name="avoidTest()[16]" classname="com.github.cc3002.citricjuice.model.units.PlayerTest" time="0.0"/>
  <testcase name="avoidTest()[17]" classname="com.github.cc3002.citricjuice.model.units.PlayerTest" time="0.001"/>
  <testcase name="avoidTest()[18]" classname="com.github.cc3002.citricjuice.model.units.PlayerTest" time="0.001"/>
  <testcase name="avoidTest()[19]" classname="com.github.cc3002.citricjuice.model.units.PlayerTest" time="0.001"/>
  <testcase name="avoidTest()[20]" classname="com.github.cc3002.citricjuice.model.units.PlayerTest" time="0.001"/>
  <testcase name="avoidTest()[21]" classname="com.github.cc3002.citricjuice.model.units.PlayerTest" time="0.001"/>
  <testcase name="avoidTest()[22]" classname="com.github.cc3002.citricjuice.model.units.PlayerTest" time="0.001"/>
  <testcase name="avoidTest()[23]" classname="com.github.cc3002.citricjuice.model.units.PlayerTest" time="0.0"/>
  <testcase name="avoidTest()[24]" classname="com.github.cc3002.citricjuice.model.units.PlayerTest" time="0.0"/>
  <testcase name="avoidTest()[25]" classname="com.github.cc3002.citricjuice.model.units.PlayerTest" time="0.001"/>
  <testcase name="avoidTest()[26]" classname="com.github.cc3002.citricjuice.model.units.PlayerTest" time="0.0"/>
  <testcase name="avoidTest()[27]" classname="com.github.cc3002.citricjuice.model.units.PlayerTest" time="0.011"/>
  <testcase name="avoidTest()[28]" classname="com.github.cc3002.citricjuice.model.units.PlayerTest" time="0.001"/>
  <testcase name="avoidTest()[29]" classname="com.github.cc3002.citricjuice.model.units.PlayerTest" time="0.002"/>
  <testcase name="avoidTest()[30]" classname="com.github.cc3002.citricjuice.model.units.PlayerTest" time="0.002"/>
  <testcase name="avoidTest()[31]" classname="com.github.cc3002.citricjuice.model.units.PlayerTest" time="0.002"/>
  <testcase name="avoidTest()[32]" classname="com.github.cc3002.citricjuice.model.units.PlayerTest" time="0.003"/>
  <testcase name="avoidTest()[33]" classname="com.github.cc3002.citricjuice.model.units.PlayerTest" time="0.001"/>
  <testcase name="avoidTest()[34]" classname="com.github.cc3002.citricjuice.model.units.PlayerTest" time="0.001"/>
  <testcase name="avoidTest()[35]" classname="com.github.cc3002.citricjuice.model.units.PlayerTest" time="0.0"/>
  <testcase name="avoidTest()[36]" classname="com.github.cc3002.citricjuice.model.units.PlayerTest" time="0.001"/>
  <testcase name="avoidTest()[37]" classname="com.github.cc3002.citricjuice.model.units.PlayerTest" time="0.003"/>
  <testcase name="avoidTest()[38]" classname="com.github.cc3002.citricjuice.model.units.PlayerTest" time="0.001"/>
  <testcase name="avoidTest()[39]" classname="com.github.cc3002.citricjuice.model.units.PlayerTest" time="0.001"/>
  <testcase name="avoidTest()[40]" classname="com.github.cc3002.citricjuice.model.units.PlayerTest" time="0.002"/>
  <testcase name="avoidTest()[41]" classname="com.github.cc3002.citricjuice.model.units.PlayerTest" time="0.002"/>
  <testcase name="avoidTest()[42]" classname="com.github.cc3002.citricjuice.model.units.PlayerTest" time="0.001"/>
  <testcase name="avoidTest()[43]" classname="com.github.cc3002.citricjuice.model.units.PlayerTest" time="0.001"/>
  <testcase name="avoidTest()[44]" classname="com.github.cc3002.citricjuice.model.units.PlayerTest" time="0.001"/>
  <testcase name="avoidTest()[45]" classname="com.github.cc3002.citricjuice.model.units.PlayerTest" time="0.001"/>
  <testcase name="avoidTest()[46]" classname="com.github.cc3002.citricjuice.model.units.PlayerTest" time="0.0"/>
  <testcase name="avoidTest()[47]" classname="com.github.cc3002.citricjuice.model.units.PlayerTest" time="0.001"/>
  <testcase name="avoidTest()[48]" classname="com.github.cc3002.citricjuice.model.units.PlayerTest" time="0.001"/>
  <testcase name="avoidTest()[49]" classname="com.github.cc3002.citricjuice.model.units.PlayerTest" time="0.0"/>
  <testcase name="avoidTest()[50]" classname="com.github.cc3002.citricjuice.model.units.PlayerTest" time="0.001"/>
  <testcase name="avoidTest()[51]" classname="com.github.cc3002.citricjuice.model.units.PlayerTest" time="0.002"/>
  <testcase name="avoidTest()[52]" classname="com.github.cc3002.citricjuice.model.units.PlayerTest" time="0.011"/>
  <testcase name="avoidTest()[53]" classname="com.github.cc3002.citricjuice.model.units.PlayerTest" time="0.002"/>
  <testcase name="avoidTest()[54]" classname="com.github.cc3002.citricjuice.model.units.PlayerTest" time="0.0"/>
  <testcase name="avoidTest()[55]" classname="com.github.cc3002.citricjuice.model.units.PlayerTest" time="0.001"/>
  <testcase name="avoidTest()[56]" classname="com.github.cc3002.citricjuice.model.units.PlayerTest" time="0.001"/>
  <testcase name="avoidTest()[57]" classname="com.github.cc3002.citricjuice.model.units.PlayerTest" time="0.001"/>
  <testcase name="avoidTest()[58]" classname="com.github.cc3002.citricjuice.model.units.PlayerTest" time="0.0"/>
  <testcase name="avoidTest()[59]" classname="com.github.cc3002.citricjuice.model.units.PlayerTest" time="0.002"/>
  <testcase name="avoidTest()[60]" classname="com.github.cc3002.citricjuice.model.units.PlayerTest" time="0.002"/>
  <testcase name="avoidTest()[61]" classname="com.github.cc3002.citricjuice.model.units.PlayerTest" time="0.002"/>
  <testcase name="avoidTest()[62]" classname="com.github.cc3002.citricjuice.model.units.PlayerTest" time="0.0"/>
  <testcase name="avoidTest()[63]" classname="com.github.cc3002.citricjuice.model.units.PlayerTest" time="0.0"/>
  <testcase name="avoidTest()[64]" classname="com.github.cc3002.citricjuice.model.units.PlayerTest" time="0.0"/>
  <testcase name="avoidTest()[65]" classname="com.github.cc3002.citricjuice.model.units.PlayerTest" time="0.001"/>
  <testcase name="avoidTest()[66]" classname="com.github.cc3002.citricjuice.model.units.PlayerTest" time="0.0"/>
  <testcase name="avoidTest()[67]" classname="com.github.cc3002.citricjuice.model.units.PlayerTest" time="0.0"/>
  <testcase name="avoidTest()[68]" classname="com.github.cc3002.citricjuice.model.units.PlayerTest" time="0.001"/>
  <testcase name="avoidTest()[69]" classname="com.github.cc3002.citricjuice.model.units.PlayerTest" time="0.0"/>
  <testcase name="avoidTest()[70]" classname="com.github.cc3002.citricjuice.model.units.PlayerTest" time="0.0"/>
  <testcase name="avoidTest()[71]" classname="com.github.cc3002.citricjuice.model.units.PlayerTest" time="0.011"/>
  <testcase name="avoidTest()[72]" classname="com.github.cc3002.citricjuice.model.units.PlayerTest" time="0.002"/>
  <testcase name="avoidTest()[73]" classname="com.github.cc3002.citricjuice.model.units.PlayerTest" time="0.002"/>
  <testcase name="avoidTest()[74]" classname="com.github.cc3002.citricjuice.model.units.PlayerTest" time="0.001"/>
  <testcase name="avoidTest()[75]" classname="com.github.cc3002.citricjuice.model.units.PlayerTest" time="0.003"/>
  <testcase name="avoidTest()[76]" classname="com.github.cc3002.citricjuice.model.units.PlayerTest" time="0.002"/>
  <testcase name="avoidTest()[77]" classname="com.github.cc3002.citricjuice.model.units.PlayerTest" time="0.003"/>
  <testcase name="avoidTest()[78]" classname="com.github.cc3002.citricjuice.model.units.PlayerTest" time="0.001"/>
  <testcase name="avoidTest()[79]" classname="com.github.cc3002.citricjuice.model.units.PlayerTest" time="0.002"/>
  <testcase name="avoidTest()[80]" classname="com.github.cc3002.citricjuice.model.units.PlayerTest" time="0.001"/>
  <testcase name="avoidTest()[81]" classname="com.github.cc3002.citricjuice.model.units.PlayerTest" time="0.002"/>
  <testcase name="avoidTest()[82]" classname="com.github.cc3002.citricjuice.model.units.PlayerTest" time="0.002"/>
  <testcase name="avoidTest()[83]" classname="com.github.cc3002.citricjuice.model.units.PlayerTest" time="0.002"/>
  <testcase name="avoidTest()[84]" classname="com.github.cc3002.citricjuice.model.units.PlayerTest" time="0.0"/>
  <testcase name="avoidTest()[85]" classname="com.github.cc3002.citricjuice.model.units.PlayerTest" time="0.0"/>
  <testcase name="avoidTest()[86]" classname="com.github.cc3002.citricjuice.model.units.PlayerTest" time="0.0"/>
  <testcase name="avoidTest()[87]" classname="com.github.cc3002.citricjuice.model.units.PlayerTest" time="0.0"/>
  <testcase name="avoidTest()[88]" classname="com.github.cc3002.citricjuice.model.units.PlayerTest" time="0.0"/>
  <testcase name="avoidTest()[89]" classname="com.github.cc3002.citricjuice.model.units.PlayerTest" time="0.001"/>
  <testcase name="avoidTest()[90]" classname="com.github.cc3002.citricjuice.model.units.PlayerTest" time="0.0"/>
  <testcase name="avoidTest()[91]" classname="com.github.cc3002.citricjuice.model.units.PlayerTest" time="0.0"/>
  <testcase name="avoidTest()[92]" classname="com.github.cc3002.citricjuice.model.units.PlayerTest" time="0.0"/>
  <testcase name="avoidTest()[93]" classname="com.github.cc3002.citricjuice.model.units.PlayerTest" time="0.0"/>
  <testcase name="avoidTest()[94]" classname="com.github.cc3002.citricjuice.model.units.PlayerTest" time="0.0"/>
  <testcase name="avoidTest()[95]" classname="com.github.cc3002.citricjuice.model.units.PlayerTest" time="0.001"/>
  <testcase name="avoidTest()[96]" classname="com.github.cc3002.citricjuice.model.units.PlayerTest" time="0.0"/>
  <testcase name="avoidTest()[97]" classname="com.github.cc3002.citricjuice.model.units.PlayerTest" time="0.001"/>
  <testcase name="avoidTest()[98]" classname="com.github.cc3002.citricjuice.model.units.PlayerTest" time="0.001"/>
  <testcase name="avoidTest()[99]" classname="com.github.cc3002.citricjuice.model.units.PlayerTest" time="0.001"/>
  <testcase name="avoidTest()[100]" classname="com.github.cc3002.citricjuice.model.units.PlayerTest" time="0.001"/>
  <testcase name="winsTest()" classname="com.github.cc3002.citricjuice.model.units.PlayerTest" time="0.002"/>
  <testcase name="rollConsistencyTest()[1]" classname="com.github.cc3002.citricjuice.model.units.PlayerTest" time="0.001"/>
  <testcase name="rollConsistencyTest()[2]" classname="com.github.cc3002.citricjuice.model.units.PlayerTest" time="0.002"/>
  <testcase name="rollConsistencyTest()[3]" classname="com.github.cc3002.citricjuice.model.units.PlayerTest" time="0.001"/>
  <testcase name="rollConsistencyTest()[4]" classname="com.github.cc3002.citricjuice.model.units.PlayerTest" time="0.001"/>
  <testcase name="rollConsistencyTest()[5]" classname="com.github.cc3002.citricjuice.model.units.PlayerTest" time="0.001"/>
  <testcase name="rollConsistencyTest()[6]" classname="com.github.cc3002.citricjuice.model.units.PlayerTest" time="0.002"/>
  <testcase name="rollConsistencyTest()[7]" classname="com.github.cc3002.citricjuice.model.units.PlayerTest" time="0.005"/>
  <testcase name="rollConsistencyTest()[8]" classname="com.github.cc3002.citricjuice.model.units.PlayerTest" time="0.001"/>
  <testcase name="rollConsistencyTest()[9]" classname="com.github.cc3002.citricjuice.model.units.PlayerTest" time="0.001"/>
  <testcase name="rollConsistencyTest()[10]" classname="com.github.cc3002.citricjuice.model.units.PlayerTest" time="0.002"/>
  <testcase name="rollConsistencyTest()[11]" classname="com.github.cc3002.citricjuice.model.units.PlayerTest" time="0.004"/>
  <testcase name="rollConsistencyTest()[12]" classname="com.github.cc3002.citricjuice.model.units.PlayerTest" time="0.002"/>
  <testcase name="rollConsistencyTest()[13]" classname="com.github.cc3002.citricjuice.model.units.PlayerTest" time="0.001"/>
  <testcase name="rollConsistencyTest()[14]" classname="com.github.cc3002.citricjuice.model.units.PlayerTest" time="0.001"/>
  <testcase name="rollConsistencyTest()[15]" classname="com.github.cc3002.citricjuice.model.units.PlayerTest" time="0.001"/>
  <testcase name="rollConsistencyTest()[16]" classname="com.github.cc3002.citricjuice.model.units.PlayerTest" time="0.003"/>
  <testcase name="rollConsistencyTest()[17]" classname="com.github.cc3002.citricjuice.model.units.PlayerTest" time="0.002"/>
  <testcase name="rollConsistencyTest()[18]" classname="com.github.cc3002.citricjuice.model.units.PlayerTest" time="0.001"/>
  <testcase name="rollConsistencyTest()[19]" classname="com.github.cc3002.citricjuice.model.units.PlayerTest" time="0.003"/>
  <testcase name="rollConsistencyTest()[20]" classname="com.github.cc3002.citricjuice.model.units.PlayerTest" time="0.002"/>
  <testcase name="rollConsistencyTest()[21]" classname="com.github.cc3002.citricjuice.model.units.PlayerTest" time="0.002"/>
  <testcase name="rollConsistencyTest()[22]" classname="com.github.cc3002.citricjuice.model.units.PlayerTest" time="0.001"/>
  <testcase name="rollConsistencyTest()[23]" classname="com.github.cc3002.citricjuice.model.units.PlayerTest" time="0.001"/>
  <testcase name="rollConsistencyTest()[24]" classname="com.github.cc3002.citricjuice.model.units.PlayerTest" time="0.0"/>
  <testcase name="rollConsistencyTest()[25]" classname="com.github.cc3002.citricjuice.model.units.PlayerTest" time="0.001"/>
  <testcase name="rollConsistencyTest()[26]" classname="com.github.cc3002.citricjuice.model.units.PlayerTest" time="0.001"/>
  <testcase name="rollConsistencyTest()[27]" classname="com.github.cc3002.citricjuice.model.units.PlayerTest" time="0.001"/>
  <testcase name="rollConsistencyTest()[28]" classname="com.github.cc3002.citricjuice.model.units.PlayerTest" time="0.001"/>
  <testcase name="rollConsistencyTest()[29]" classname="com.github.cc3002.citricjuice.model.units.PlayerTest" time="0.002"/>
  <testcase name="rollConsistencyTest()[30]" classname="com.github.cc3002.citricjuice.model.units.PlayerTest" time="0.001"/>
  <testcase name="rollConsistencyTest()[31]" classname="com.github.cc3002.citricjuice.model.units.PlayerTest" time="0.001"/>
  <testcase name="rollConsistencyTest()[32]" classname="com.github.cc3002.citricjuice.model.units.PlayerTest" time="0.001"/>
  <testcase name="rollConsistencyTest()[33]" classname="com.github.cc3002.citricjuice.model.units.PlayerTest" time="0.001"/>
  <testcase name="rollConsistencyTest()[34]" classname="com.github.cc3002.citricjuice.model.units.PlayerTest" time="0.001"/>
  <testcase name="rollConsistencyTest()[35]" classname="com.github.cc3002.citricjuice.model.units.PlayerTest" time="0.003"/>
  <testcase name="rollConsistencyTest()[36]" classname="com.github.cc3002.citricjuice.model.units.PlayerTest" time="0.001"/>
  <testcase name="rollConsistencyTest()[37]" classname="com.github.cc3002.citricjuice.model.units.PlayerTest" time="0.0"/>
  <testcase name="rollConsistencyTest()[38]" classname="com.github.cc3002.citricjuice.model.units.PlayerTest" time="0.001"/>
  <testcase name="rollConsistencyTest()[39]" classname="com.github.cc3002.citricjuice.model.units.PlayerTest" time="0.001"/>
  <testcase name="rollConsistencyTest()[40]" classname="com.github.cc3002.citricjuice.model.units.PlayerTest" time="0.001"/>
  <testcase name="rollConsistencyTest()[41]" classname="com.github.cc3002.citricjuice.model.units.PlayerTest" time="0.0"/>
  <testcase name="rollConsistencyTest()[42]" classname="com.github.cc3002.citricjuice.model.units.PlayerTest" time="0.001"/>
  <testcase name="rollConsistencyTest()[43]" classname="com.github.cc3002.citricjuice.model.units.PlayerTest" time="0.0"/>
  <testcase name="rollConsistencyTest()[44]" classname="com.github.cc3002.citricjuice.model.units.PlayerTest" time="0.0"/>
  <testcase name="rollConsistencyTest()[45]" classname="com.github.cc3002.citricjuice.model.units.PlayerTest" time="0.0"/>
  <testcase name="rollConsistencyTest()[46]" classname="com.github.cc3002.citricjuice.model.units.PlayerTest" time="0.0"/>
  <testcase name="rollConsistencyTest()[47]" classname="com.github.cc3002.citricjuice.model.units.PlayerTest" time="0.001"/>
  <testcase name="rollConsistencyTest()[48]" classname="com.github.cc3002.citricjuice.model.units.PlayerTest" time="0.0"/>
  <testcase name="rollConsistencyTest()[49]" classname="com.github.cc3002.citricjuice.model.units.PlayerTest" time="0.0"/>
  <testcase name="rollConsistencyTest()[50]" classname="com.github.cc3002.citricjuice.model.units.PlayerTest" time="0.0"/>
  <testcase name="rollConsistencyTest()[51]" classname="com.github.cc3002.citricjuice.model.units.PlayerTest" time="0.0"/>
  <testcase name="rollConsistencyTest()[52]" classname="com.github.cc3002.citricjuice.model.units.PlayerTest" time="0.0"/>
  <testcase name="rollConsistencyTest()[53]" classname="com.github.cc3002.citricjuice.model.units.PlayerTest" time="0.0"/>
  <testcase name="rollConsistencyTest()[54]" classname="com.github.cc3002.citricjuice.model.units.PlayerTest" time="0.001"/>
  <testcase name="rollConsistencyTest()[55]" classname="com.github.cc3002.citricjuice.model.units.PlayerTest" time="0.001"/>
  <testcase name="rollConsistencyTest()[56]" classname="com.github.cc3002.citricjuice.model.units.PlayerTest" time="0.001"/>
  <testcase name="rollConsistencyTest()[57]" classname="com.github.cc3002.citricjuice.model.units.PlayerTest" time="0.001"/>
  <testcase name="rollConsistencyTest()[58]" classname="com.github.cc3002.citricjuice.model.units.PlayerTest" time="0.0"/>
  <testcase name="rollConsistencyTest()[59]" classname="com.github.cc3002.citricjuice.model.units.PlayerTest" time="0.001"/>
  <testcase name="rollConsistencyTest()[60]" classname="com.github.cc3002.citricjuice.model.units.PlayerTest" time="0.001"/>
  <testcase name="rollConsistencyTest()[61]" classname="com.github.cc3002.citricjuice.model.units.PlayerTest" time="0.0"/>
  <testcase name="rollConsistencyTest()[62]" classname="com.github.cc3002.citricjuice.model.units.PlayerTest" time="0.0"/>
  <testcase name="rollConsistencyTest()[63]" classname="com.github.cc3002.citricjuice.model.units.PlayerTest" time="0.001"/>
  <testcase name="rollConsistencyTest()[64]" classname="com.github.cc3002.citricjuice.model.units.PlayerTest" time="0.001"/>
  <testcase name="rollConsistencyTest()[65]" classname="com.github.cc3002.citricjuice.model.units.PlayerTest" time="0.001"/>
  <testcase name="rollConsistencyTest()[66]" classname="com.github.cc3002.citricjuice.model.units.PlayerTest" time="0.001"/>
  <testcase name="rollConsistencyTest()[67]" classname="com.github.cc3002.citricjuice.model.units.PlayerTest" time="0.001"/>
  <testcase name="rollConsistencyTest()[68]" classname="com.github.cc3002.citricjuice.model.units.PlayerTest" time="0.0"/>
  <testcase name="rollConsistencyTest()[69]" classname="com.github.cc3002.citricjuice.model.units.PlayerTest" time="0.001"/>
  <testcase name="rollConsistencyTest()[70]" classname="com.github.cc3002.citricjuice.model.units.PlayerTest" time="0.001"/>
  <testcase name="rollConsistencyTest()[71]" classname="com.github.cc3002.citricjuice.model.units.PlayerTest" time="0.001"/>
  <testcase name="rollConsistencyTest()[72]" classname="com.github.cc3002.citricjuice.model.units.PlayerTest" time="0.001"/>
  <testcase name="rollConsistencyTest()[73]" classname="com.github.cc3002.citricjuice.model.units.PlayerTest" time="0.0"/>
  <testcase name="rollConsistencyTest()[74]" classname="com.github.cc3002.citricjuice.model.units.PlayerTest" time="0.002"/>
  <testcase name="rollConsistencyTest()[75]" classname="com.github.cc3002.citricjuice.model.units.PlayerTest" time="0.001"/>
  <testcase name="rollConsistencyTest()[76]" classname="com.github.cc3002.citricjuice.model.units.PlayerTest" time="0.001"/>
  <testcase name="rollConsistencyTest()[77]" classname="com.github.cc3002.citricjuice.model.units.PlayerTest" time="0.0"/>
  <testcase name="rollConsistencyTest()[78]" classname="com.github.cc3002.citricjuice.model.units.PlayerTest" time="0.001"/>
  <testcase name="rollConsistencyTest()[79]" classname="com.github.cc3002.citricjuice.model.units.PlayerTest" time="0.001"/>
  <testcase name="rollConsistencyTest()[80]" classname="com.github.cc3002.citricjuice.model.units.PlayerTest" time="0.001"/>
  <testcase name="rollConsistencyTest()[81]" classname="com.github.cc3002.citricjuice.model.units.PlayerTest" time="0.001"/>
  <testcase name="rollConsistencyTest()[82]" classname="com.github.cc3002.citricjuice.model.units.PlayerTest" time="0.0"/>
  <testcase name="rollConsistencyTest()[83]" classname="com.github.cc3002.citricjuice.model.units.PlayerTest" time="0.0"/>
  <testcase name="rollConsistencyTest()[84]" classname="com.github.cc3002.citricjuice.model.units.PlayerTest" time="0.0"/>
  <testcase name="rollConsistencyTest()[85]" classname="com.github.cc3002.citricjuice.model.units.PlayerTest" time="0.0"/>
  <testcase name="rollConsistencyTest()[86]" classname="com.github.cc3002.citricjuice.model.units.PlayerTest" time="0.0"/>
  <testcase name="rollConsistencyTest()[87]" classname="com.github.cc3002.citricjuice.model.units.PlayerTest" time="0.002"/>
  <testcase name="rollConsistencyTest()[88]" classname="com.github.cc3002.citricjuice.model.units.PlayerTest" time="0.001"/>
  <testcase name="rollConsistencyTest()[89]" classname="com.github.cc3002.citricjuice.model.units.PlayerTest" time="0.002"/>
  <testcase name="rollConsistencyTest()[90]" classname="com.github.cc3002.citricjuice.model.units.PlayerTest" time="0.001"/>
  <testcase name="rollConsistencyTest()[91]" classname="com.github.cc3002.citricjuice.model.units.PlayerTest" time="0.001"/>
  <testcase name="rollConsistencyTest()[92]" classname="com.github.cc3002.citricjuice.model.units.PlayerTest" time="0.004"/>
  <testcase name="rollConsistencyTest()[93]" classname="com.github.cc3002.citricjuice.model.units.PlayerTest" time="0.0"/>
  <testcase name="rollConsistencyTest()[94]" classname="com.github.cc3002.citricjuice.model.units.PlayerTest" time="0.001"/>
  <testcase name="rollConsistencyTest()[95]" classname="com.github.cc3002.citricjuice.model.units.PlayerTest" time="0.0"/>
  <testcase name="rollConsistencyTest()[96]" classname="com.github.cc3002.citricjuice.model.units.PlayerTest" time="0.001"/>
  <testcase name="rollConsistencyTest()[97]" classname="com.github.cc3002.citricjuice.model.units.PlayerTest" time="0.001"/>
  <testcase name="rollConsistencyTest()[98]" classname="com.github.cc3002.citricjuice.model.units.PlayerTest" time="0.0"/>
  <testcase name="rollConsistencyTest()[99]" classname="com.github.cc3002.citricjuice.model.units.PlayerTest" time="0.0"/>
  <testcase name="rollConsistencyTest()[100]" classname="com.github.cc3002.citricjuice.model.units.PlayerTest" time="0.001"/>
  <testcase name="defendTest()" classname="com.github.cc3002.citricjuice.model.units.PlayerTest" time="0.0"/>
  <testcase name="getTest()" classname="com.github.cc3002.citricjuice.model.units.PlayerTest" time="0.0"/>
  <testcase name="normaClearTest()" classname="com.github.cc3002.citricjuice.model.units.PlayerTest" time="0.0"/>
  <testcase name="currentHPTest()" classname="com.github.cc3002.citricjuice.model.units.PlayerTest" time="0.001"/>
  <testcase name="attackTest()" classname="com.github.cc3002.citricjuice.model.units.PlayerTest" time="0.001"/>
  <testcase name="defeatedByPlayerTest()" classname="com.github.cc3002.citricjuice.model.units.PlayerTest" time="0.001"/>
  <testcase name="constructorTest()" classname="com.github.cc3002.citricjuice.model.units.PlayerTest" time="0.001"/>
  <testcase name="defeatedByWildTest()" classname="com.github.cc3002.citricjuice.model.units.PlayerTest" time="0.001"/>
  <testcase name="copyTest()" classname="com.github.cc3002.citricjuice.model.units.PlayerTest" time="0.001"/>
  <testcase name="setAndGetTest()" classname="com.github.cc3002.citricjuice.model.units.PlayerTest" time="0.001"/>
  <testcase name="recoveryTest()" classname="com.github.cc3002.citricjuice.model.units.PlayerTest" time="0.001"/>
  <system-out><![CDATA[]]></system-out>
  <system-err><![CDATA[]]></system-err>
</testsuite>
