<?xml version="1.0" encoding="UTF-8"?>
<testsuite name="com.github.cc3002.citricjuice.model.board.PanelEncounterTest" tests="104" skipped="0" failures="0" errors="0" timestamp="2020-07-26T00:09:54" hostname="DuWaZ" time="0.512">
  <properties/>
  <testcase name="typePanelTest()" classname="com.github.cc3002.citricjuice.model.board.PanelEncounterTest" time="0.001"/>
  <testcase name="setAndGetPlayersTest()" classname="com.github.cc3002.citricjuice.model.board.PanelEncounterTest" time="0.002"/>
  <testcase name="searchTest()" classname="com.github.cc3002.citricjuice.model.board.PanelEncounterTest" time="0.001"/>
  <testcase name="nextPanelTest()" classname="com.github.cc3002.citricjuice.model.board.PanelEncounterTest" time="0.0"/>
  <testcase name="bossPanelConsistencyTest()[1]" classname="com.github.cc3002.citricjuice.model.board.PanelEncounterTest" time="0.001"/>
  <testcase name="bossPanelConsistencyTest()[2]" classname="com.github.cc3002.citricjuice.model.board.PanelEncounterTest" time="0.001"/>
  <testcase name="bossPanelConsistencyTest()[3]" classname="com.github.cc3002.citricjuice.model.board.PanelEncounterTest" time="0.0"/>
  <testcase name="bossPanelConsistencyTest()[4]" classname="com.github.cc3002.citricjuice.model.board.PanelEncounterTest" time="0.001"/>
  <testcase name="bossPanelConsistencyTest()[5]" classname="com.github.cc3002.citricjuice.model.board.PanelEncounterTest" time="0.001"/>
  <testcase name="bossPanelConsistencyTest()[6]" classname="com.github.cc3002.citricjuice.model.board.PanelEncounterTest" time="0.0"/>
  <testcase name="bossPanelConsistencyTest()[7]" classname="com.github.cc3002.citricjuice.model.board.PanelEncounterTest" time="0.0"/>
  <testcase name="bossPanelConsistencyTest()[8]" classname="com.github.cc3002.citricjuice.model.board.PanelEncounterTest" time="0.0"/>
  <testcase name="bossPanelConsistencyTest()[9]" classname="com.github.cc3002.citricjuice.model.board.PanelEncounterTest" time="0.001"/>
  <testcase name="bossPanelConsistencyTest()[10]" classname="com.github.cc3002.citricjuice.model.board.PanelEncounterTest" time="0.002"/>
  <testcase name="bossPanelConsistencyTest()[11]" classname="com.github.cc3002.citricjuice.model.board.PanelEncounterTest" time="0.002"/>
  <testcase name="bossPanelConsistencyTest()[12]" classname="com.github.cc3002.citricjuice.model.board.PanelEncounterTest" time="0.001"/>
  <testcase name="bossPanelConsistencyTest()[13]" classname="com.github.cc3002.citricjuice.model.board.PanelEncounterTest" time="0.002"/>
  <testcase name="bossPanelConsistencyTest()[14]" classname="com.github.cc3002.citricjuice.model.board.PanelEncounterTest" time="0.001"/>
  <testcase name="bossPanelConsistencyTest()[15]" classname="com.github.cc3002.citricjuice.model.board.PanelEncounterTest" time="0.001"/>
  <testcase name="bossPanelConsistencyTest()[16]" classname="com.github.cc3002.citricjuice.model.board.PanelEncounterTest" time="0.001"/>
  <testcase name="bossPanelConsistencyTest()[17]" classname="com.github.cc3002.citricjuice.model.board.PanelEncounterTest" time="0.001"/>
  <testcase name="bossPanelConsistencyTest()[18]" classname="com.github.cc3002.citricjuice.model.board.PanelEncounterTest" time="0.001"/>
  <testcase name="bossPanelConsistencyTest()[19]" classname="com.github.cc3002.citricjuice.model.board.PanelEncounterTest" time="0.001"/>
  <testcase name="bossPanelConsistencyTest()[20]" classname="com.github.cc3002.citricjuice.model.board.PanelEncounterTest" time="0.001"/>
  <testcase name="bossPanelConsistencyTest()[21]" classname="com.github.cc3002.citricjuice.model.board.PanelEncounterTest" time="0.002"/>
  <testcase name="bossPanelConsistencyTest()[22]" classname="com.github.cc3002.citricjuice.model.board.PanelEncounterTest" time="0.0"/>
  <testcase name="bossPanelConsistencyTest()[23]" classname="com.github.cc3002.citricjuice.model.board.PanelEncounterTest" time="0.001"/>
  <testcase name="bossPanelConsistencyTest()[24]" classname="com.github.cc3002.citricjuice.model.board.PanelEncounterTest" time="0.003"/>
  <testcase name="bossPanelConsistencyTest()[25]" classname="com.github.cc3002.citricjuice.model.board.PanelEncounterTest" time="0.002"/>
  <testcase name="bossPanelConsistencyTest()[26]" classname="com.github.cc3002.citricjuice.model.board.PanelEncounterTest" time="0.009"/>
  <testcase name="bossPanelConsistencyTest()[27]" classname="com.github.cc3002.citricjuice.model.board.PanelEncounterTest" time="0.001"/>
  <testcase name="bossPanelConsistencyTest()[28]" classname="com.github.cc3002.citricjuice.model.board.PanelEncounterTest" time="0.002"/>
  <testcase name="bossPanelConsistencyTest()[29]" classname="com.github.cc3002.citricjuice.model.board.PanelEncounterTest" time="0.002"/>
  <testcase name="bossPanelConsistencyTest()[30]" classname="com.github.cc3002.citricjuice.model.board.PanelEncounterTest" time="0.002"/>
  <testcase name="bossPanelConsistencyTest()[31]" classname="com.github.cc3002.citricjuice.model.board.PanelEncounterTest" time="0.007"/>
  <testcase name="bossPanelConsistencyTest()[32]" classname="com.github.cc3002.citricjuice.model.board.PanelEncounterTest" time="0.001"/>
  <testcase name="bossPanelConsistencyTest()[33]" classname="com.github.cc3002.citricjuice.model.board.PanelEncounterTest" time="0.001"/>
  <testcase name="bossPanelConsistencyTest()[34]" classname="com.github.cc3002.citricjuice.model.board.PanelEncounterTest" time="0.001"/>
  <testcase name="bossPanelConsistencyTest()[35]" classname="com.github.cc3002.citricjuice.model.board.PanelEncounterTest" time="0.001"/>
  <testcase name="bossPanelConsistencyTest()[36]" classname="com.github.cc3002.citricjuice.model.board.PanelEncounterTest" time="0.002"/>
  <testcase name="bossPanelConsistencyTest()[37]" classname="com.github.cc3002.citricjuice.model.board.PanelEncounterTest" time="0.002"/>
  <testcase name="bossPanelConsistencyTest()[38]" classname="com.github.cc3002.citricjuice.model.board.PanelEncounterTest" time="0.002"/>
  <testcase name="bossPanelConsistencyTest()[39]" classname="com.github.cc3002.citricjuice.model.board.PanelEncounterTest" time="0.003"/>
  <testcase name="bossPanelConsistencyTest()[40]" classname="com.github.cc3002.citricjuice.model.board.PanelEncounterTest" time="0.003"/>
  <testcase name="bossPanelConsistencyTest()[41]" classname="com.github.cc3002.citricjuice.model.board.PanelEncounterTest" time="0.002"/>
  <testcase name="bossPanelConsistencyTest()[42]" classname="com.github.cc3002.citricjuice.model.board.PanelEncounterTest" time="0.001"/>
  <testcase name="bossPanelConsistencyTest()[43]" classname="com.github.cc3002.citricjuice.model.board.PanelEncounterTest" time="0.013"/>
  <testcase name="bossPanelConsistencyTest()[44]" classname="com.github.cc3002.citricjuice.model.board.PanelEncounterTest" time="0.007"/>
  <testcase name="bossPanelConsistencyTest()[45]" classname="com.github.cc3002.citricjuice.model.board.PanelEncounterTest" time="0.004"/>
  <testcase name="bossPanelConsistencyTest()[46]" classname="com.github.cc3002.citricjuice.model.board.PanelEncounterTest" time="0.001"/>
  <testcase name="bossPanelConsistencyTest()[47]" classname="com.github.cc3002.citricjuice.model.board.PanelEncounterTest" time="0.002"/>
  <testcase name="bossPanelConsistencyTest()[48]" classname="com.github.cc3002.citricjuice.model.board.PanelEncounterTest" time="0.0"/>
  <testcase name="bossPanelConsistencyTest()[49]" classname="com.github.cc3002.citricjuice.model.board.PanelEncounterTest" time="0.0"/>
  <testcase name="bossPanelConsistencyTest()[50]" classname="com.github.cc3002.citricjuice.model.board.PanelEncounterTest" time="0.0"/>
  <testcase name="bossPanelConsistencyTest()[51]" classname="com.github.cc3002.citricjuice.model.board.PanelEncounterTest" time="0.002"/>
  <testcase name="bossPanelConsistencyTest()[52]" classname="com.github.cc3002.citricjuice.model.board.PanelEncounterTest" time="0.0"/>
  <testcase name="bossPanelConsistencyTest()[53]" classname="com.github.cc3002.citricjuice.model.board.PanelEncounterTest" time="0.001"/>
  <testcase name="bossPanelConsistencyTest()[54]" classname="com.github.cc3002.citricjuice.model.board.PanelEncounterTest" time="0.001"/>
  <testcase name="bossPanelConsistencyTest()[55]" classname="com.github.cc3002.citricjuice.model.board.PanelEncounterTest" time="0.0"/>
  <testcase name="bossPanelConsistencyTest()[56]" classname="com.github.cc3002.citricjuice.model.board.PanelEncounterTest" time="0.001"/>
  <testcase name="bossPanelConsistencyTest()[57]" classname="com.github.cc3002.citricjuice.model.board.PanelEncounterTest" time="0.001"/>
  <testcase name="bossPanelConsistencyTest()[58]" classname="com.github.cc3002.citricjuice.model.board.PanelEncounterTest" time="0.0"/>
  <testcase name="bossPanelConsistencyTest()[59]" classname="com.github.cc3002.citricjuice.model.board.PanelEncounterTest" time="0.001"/>
  <testcase name="bossPanelConsistencyTest()[60]" classname="com.github.cc3002.citricjuice.model.board.PanelEncounterTest" time="0.001"/>
  <testcase name="bossPanelConsistencyTest()[61]" classname="com.github.cc3002.citricjuice.model.board.PanelEncounterTest" time="0.001"/>
  <testcase name="bossPanelConsistencyTest()[62]" classname="com.github.cc3002.citricjuice.model.board.PanelEncounterTest" time="0.0"/>
  <testcase name="bossPanelConsistencyTest()[63]" classname="com.github.cc3002.citricjuice.model.board.PanelEncounterTest" time="0.0"/>
  <testcase name="bossPanelConsistencyTest()[64]" classname="com.github.cc3002.citricjuice.model.board.PanelEncounterTest" time="0.026"/>
  <testcase name="bossPanelConsistencyTest()[65]" classname="com.github.cc3002.citricjuice.model.board.PanelEncounterTest" time="0.001"/>
  <testcase name="bossPanelConsistencyTest()[66]" classname="com.github.cc3002.citricjuice.model.board.PanelEncounterTest" time="0.007"/>
  <testcase name="bossPanelConsistencyTest()[67]" classname="com.github.cc3002.citricjuice.model.board.PanelEncounterTest" time="0.001"/>
  <testcase name="bossPanelConsistencyTest()[68]" classname="com.github.cc3002.citricjuice.model.board.PanelEncounterTest" time="0.001"/>
  <testcase name="bossPanelConsistencyTest()[69]" classname="com.github.cc3002.citricjuice.model.board.PanelEncounterTest" time="0.0"/>
  <testcase name="bossPanelConsistencyTest()[70]" classname="com.github.cc3002.citricjuice.model.board.PanelEncounterTest" time="0.001"/>
  <testcase name="bossPanelConsistencyTest()[71]" classname="com.github.cc3002.citricjuice.model.board.PanelEncounterTest" time="0.001"/>
  <testcase name="bossPanelConsistencyTest()[72]" classname="com.github.cc3002.citricjuice.model.board.PanelEncounterTest" time="0.002"/>
  <testcase name="bossPanelConsistencyTest()[73]" classname="com.github.cc3002.citricjuice.model.board.PanelEncounterTest" time="0.001"/>
  <testcase name="bossPanelConsistencyTest()[74]" classname="com.github.cc3002.citricjuice.model.board.PanelEncounterTest" time="0.001"/>
  <testcase name="bossPanelConsistencyTest()[75]" classname="com.github.cc3002.citricjuice.model.board.PanelEncounterTest" time="0.002"/>
  <testcase name="bossPanelConsistencyTest()[76]" classname="com.github.cc3002.citricjuice.model.board.PanelEncounterTest" time="0.002"/>
  <testcase name="bossPanelConsistencyTest()[77]" classname="com.github.cc3002.citricjuice.model.board.PanelEncounterTest" time="0.002"/>
  <testcase name="bossPanelConsistencyTest()[78]" classname="com.github.cc3002.citricjuice.model.board.PanelEncounterTest" time="0.001"/>
  <testcase name="bossPanelConsistencyTest()[79]" classname="com.github.cc3002.citricjuice.model.board.PanelEncounterTest" time="0.002"/>
  <testcase name="bossPanelConsistencyTest()[80]" classname="com.github.cc3002.citricjuice.model.board.PanelEncounterTest" time="0.002"/>
  <testcase name="bossPanelConsistencyTest()[81]" classname="com.github.cc3002.citricjuice.model.board.PanelEncounterTest" time="0.001"/>
  <testcase name="bossPanelConsistencyTest()[82]" classname="com.github.cc3002.citricjuice.model.board.PanelEncounterTest" time="0.0"/>
  <testcase name="bossPanelConsistencyTest()[83]" classname="com.github.cc3002.citricjuice.model.board.PanelEncounterTest" time="0.001"/>
  <testcase name="bossPanelConsistencyTest()[84]" classname="com.github.cc3002.citricjuice.model.board.PanelEncounterTest" time="0.001"/>
  <testcase name="bossPanelConsistencyTest()[85]" classname="com.github.cc3002.citricjuice.model.board.PanelEncounterTest" time="0.002"/>
  <testcase name="bossPanelConsistencyTest()[86]" classname="com.github.cc3002.citricjuice.model.board.PanelEncounterTest" time="0.002"/>
  <testcase name="bossPanelConsistencyTest()[87]" classname="com.github.cc3002.citricjuice.model.board.PanelEncounterTest" time="0.0"/>
  <testcase name="bossPanelConsistencyTest()[88]" classname="com.github.cc3002.citricjuice.model.board.PanelEncounterTest" time="0.001"/>
  <testcase name="bossPanelConsistencyTest()[89]" classname="com.github.cc3002.citricjuice.model.board.PanelEncounterTest" time="0.001"/>
  <testcase name="bossPanelConsistencyTest()[90]" classname="com.github.cc3002.citricjuice.model.board.PanelEncounterTest" time="0.001"/>
  <testcase name="bossPanelConsistencyTest()[91]" classname="com.github.cc3002.citricjuice.model.board.PanelEncounterTest" time="0.0"/>
  <testcase name="bossPanelConsistencyTest()[92]" classname="com.github.cc3002.citricjuice.model.board.PanelEncounterTest" time="0.0"/>
  <testcase name="bossPanelConsistencyTest()[93]" classname="com.github.cc3002.citricjuice.model.board.PanelEncounterTest" time="0.001"/>
  <testcase name="bossPanelConsistencyTest()[94]" classname="com.github.cc3002.citricjuice.model.board.PanelEncounterTest" time="0.001"/>
  <testcase name="bossPanelConsistencyTest()[95]" classname="com.github.cc3002.citricjuice.model.board.PanelEncounterTest" time="0.002"/>
  <testcase name="bossPanelConsistencyTest()[96]" classname="com.github.cc3002.citricjuice.model.board.PanelEncounterTest" time="0.001"/>
  <testcase name="bossPanelConsistencyTest()[97]" classname="com.github.cc3002.citricjuice.model.board.PanelEncounterTest" time="0.001"/>
  <testcase name="bossPanelConsistencyTest()[98]" classname="com.github.cc3002.citricjuice.model.board.PanelEncounterTest" time="0.001"/>
  <testcase name="bossPanelConsistencyTest()[99]" classname="com.github.cc3002.citricjuice.model.board.PanelEncounterTest" time="0.001"/>
  <testcase name="bossPanelConsistencyTest()[100]" classname="com.github.cc3002.citricjuice.model.board.PanelEncounterTest" time="0.0"/>
  <system-out><![CDATA[]]></system-out>
  <system-err><![CDATA[]]></system-err>
</testsuite>
