<?xml version="1.0" encoding="UTF-8"?>
<testsuite name="com.github.cc3002.citricjuice.model.board.PanelHomeTest" tests="5" skipped="0" failures="0" errors="0" timestamp="2020-07-26T00:09:55" hostname="DuWaZ" time="0.006">
  <properties/>
  <testcase name="typePanelTest()" classname="com.github.cc3002.citricjuice.model.board.PanelHomeTest" time="0.0"/>
  <testcase name="setAndGetPlayersTest()" classname="com.github.cc3002.citricjuice.model.board.PanelHomeTest" time="0.001"/>
  <testcase name="searchTest()" classname="com.github.cc3002.citricjuice.model.board.PanelHomeTest" time="0.001"/>
  <testcase name="homePanelTest()" classname="com.github.cc3002.citricjuice.model.board.PanelHomeTest" time="0.0"/>
  <testcase name="nextPanelTest()" classname="com.github.cc3002.citricjuice.model.board.PanelHomeTest" time="0.0"/>
  <system-out><![CDATA[]]></system-out>
  <system-err><![CDATA[]]></system-err>
</testsuite>
